Case #1:
R: 7445.525718386750668
G: -0.000000085332431
B: 19907.935322065721266
Y: 7387.144425344071351
M: 0.000000083935447
C: 18544.730099390260875
W: 955946.752561812754720
L: 2126879.911873001605272
-84 100 -80 100 -76 100
Case #2:
R: 10995.075026198872365
G: -0.000000092433766
B: 27322.530847749439999
Y: 10854.918258462217636
M: 0.000000093481503
C: 26107.109020826756023
W: 1013597.337739116745070
L: 2047235.029107644921169
-64 100 -60 100 -56 100
Case #3:
R: 12561.109892982523888
G: 8.383129240479320
B: 29262.239968142705038
Y: 15697.250231281155720
M: 0.000000037718564
C: 27433.279379374813288
W: 1080609.350940783740953
L: 1970540.386458157328889
-44 100 -40 100 -36 100
Case #4:
R: 16765.030980522977188
G: 18.996728766011074
B: 31260.221920195734128
Y: 17535.410205319058150
M: 0.000000064028427
C: 28882.969185086200014
W: 1145567.979778693988919
L: 1896081.391201352700591
-24 100 -20 100 -16 100
Case #5:
R: 21778.266701151616871
G: 20.038513489533216
B: 30150.538972304435447
Y: 21213.468273037578911
M: 0.000000054482371
C: 29061.988545734900981
W: 1191231.253556352341548
L: 1842656.445437875343487
-4 100 0 100 4 100
Case #6:
R: 26757.965325427474454
G: 0.000000016996637
B: 27295.169397785793990
Y: 25568.648669283604249
M: -0.000000015599653
C: 26877.960181119851768
W: 1209139.347143803024665
L: 1820472.909282578853890
16 100 20 100 24 100
Case #7:
R: 28549.497115327045321
G: 0.000000032363459
B: 23095.539981219917536
Y: 31067.327952948398888
M: -0.000000030500814
C: 22856.925580908078700
W: 1190346.564379247836769
L: 1840196.144990346860141
36 100 40 100 44 100
Case #8:
R: 28981.744242545682937
G: 0.000000081956387
B: 17761.484379291767254
Y: 30883.899973936378956
M: -0.000000081723556
C: 17497.068943245103583
W: 1144977.287509962217882
L: 1896010.514951018383726
56 100 60 100 64 100
Case #9:
R: 27859.535846916493028
G: 33.851199412252754
B: 12689.492709996644408
Y: 27530.946502069244161
M: -0.000000026077032
C: 12556.711791987996548
W: 1085961.009363788878545
L: 1969480.452585854800418
76 100 80 100 84 100
Case #10:
R: 25350.476281098672189
G: 51.085377841838636
B: 8570.617114649037831
Y: 24146.474380183499306
M: -0.000000015948899
C: 13308.919277024804614
W: 1019781.535624609561637
L: 2044902.891944608418271
96 80 100 80 104 80
Case #11:
R: 24675.118168599554338
G: 21.221788200782612
B: 4480.901878970908001
Y: 22563.609181430423632
M: -0.000000130967237
C: 4448.311720938421786
W: 1033930.928543868241832
L: 2045991.908718122867867
76 80 80 80 84 80
Case #12:
R: 30361.416904898360372
G: 45.394248007563874
B: 8733.174320363206789
Y: 29783.489505941513926
M: -0.000000085914508
C: 8648.245607323013246
W: 1117052.592402213951573
L: 1941487.687011338071898
56 80 60 80 64 80
Case #13:
R: 35774.966138805262744
G: -0.000000028172508
B: 10805.642992876702920
Y: 34377.007416043430567
M: 0.000000029103830
C: 13723.828896177699789
W: 1218429.653542886720970
L: 1823000.901013209251687
36 80 40 80 44 80
Case #14:
R: 39675.092134584207088
G: 39.655640430049971
B: 13809.096345647005364
Y: 37965.637275691144168
M: -0.000000032829121
C: 18130.346663795877248
W: 1324070.700857781339437
L: 1702421.471082102507353
16 80 20 80 24 80
Case #15:
R: 36919.791005644714460
G: 34.784454756882042
B: 21089.642327593639493
Y: 38435.087836892344058
M: 0.000000010244548
C: 25421.426963067147881
W: 1409655.664352681720629
L: 1604555.603059353074059
-4 80 0 80 4 80
Case #16:
R: 29299.507807676913217
G: -0.000000037718564
B: 31487.125651521375403
Y: 30323.339675352210179
M: 0.000000042375177
C: 30923.099771958775818
W: 1447308.314619072945789
L: 1566770.612474412890151
-24 80 -20 80 -16 80
Case #17:
R: 22454.758299925364554
G: 0.000000008149073
B: 35544.527092060074210
Y: 23017.442601330811158
M: -0.000000009080395
C: 34706.960720502771437
W: 1415090.716146639548242
L: 1605297.595139542594552
-44 80 -40 80 -36 80
Case #18:
R: 16901.069456715602428
G: 3.240185545757413
B: 35864.463699667481706
Y: 16760.938550072954968
M: 0.000000048428774
C: 37471.715454265242442
W: 1329993.254869681783020
L: 1699117.317784002050757
-64 80 -60 80 -56 80
Case #19:
R: 11514.858094118535519
G: 20.183859623735771
B: 32962.565342508722097
Y: 11416.298341073328629
M: 0.000000047963113
C: 34064.380519243888557
W: 1225471.306945513468236
L: 1820662.406897870358080
-84 80 -80 80 -76 80
Case #20:
R: 6983.672873751958832
G: -0.000000019790605
B: 28433.568155002780259
Y: 8343.246167786186561
M: 0.000000015366822
C: 27086.896545075811446
W: 1124945.795139094348997
L: 1940318.821119292639196
-104 60 -100 60 -96 60
Case #21:
R: 3522.171522732125595
G: 14.029764445265755
B: 27515.199372615432367
Y: 3476.609449474141002
M: 0.000000117346644
C: 27897.785808518296108
W: 1109063.568516224389896
L: 1964622.635565872536972
-84 60 -80 60 -76 60
Case #22:
R: 4598.821068448480219
G: -0.000000041676685
B: 36468.584883498959243
Y: 6069.031519836978987
M: 0.000000046333298
C: 34712.101741868536919
W: 1230589.339540173299611
L: 1823674.121246168855578
-64 60 -60 60 -56 60
Case #23:
R: 6979.059985335217789
G: 23.141720620682463
B: 46440.847072177799419
Y: 6976.450065674493089
M: 0.000000058906153
C: 43235.844786643283442
W: 1386577.136202939087525
L: 1645879.520166551461443
-44 60 -40 60 -36 60
Case #24:
R: 11528.048228556057438
G: 13.490518881473690
B: 51785.650039482396096
Y: 12301.785942742368206
M: -0.000000045867637
C: 51794.640747352736071
W: 1572117.386981335002929
L: 1436570.997541696298867
-24 60 -20 60 -16 60
Case #25:
R: 18287.967735625337809
G: 0.000000024912879
B: 38644.880025292048231
Y: 20886.866472080815583
M: -0.000000033527613
C: 42842.115997494198382
W: 1729292.564751010853797
L: 1286157.605018505360931
-4 60 0 60 4 60
Case #26:
R: 29010.740670994156972
G: 0.000000078231096
B: 27307.036359558813274
Y: 31298.949743336532265
M: -0.000000077765435
C: 31982.170370371546596
W: 1784477.752297214232385
L: 1232035.350558524485677
16 60 20 60 24 60
Case #27:
R: 42389.093321772525087
G: -0.000000051921234
B: 19354.321832099463791
Y: 42390.141758473590016
M: 0.000000044237822
C: 19290.388592690229416
W: 1724762.892882434651256
L: 1287925.161612537689507
36 60 40 60 44 60
Case #28:
R: 50057.228173873387277
G: 16.025911161443219
B: 12582.866432590410113
Y: 52185.688384329900146
M: 0.000000004423782
C: 13812.605097816325724
W: 1564606.862283756490797
L: 1442850.723716467153281
56 60 60 60 64 60
Case #29:
R: 45977.556839579017833
G: 0.000000068219379
B: 8957.468159960582852
Y: 44406.560378919122741
M: -0.000000070314854
C: 8890.021329201757908
W: 1377466.791521449573338
L: 1650413.601770892273635
76 60 80 60 84 60
Case #30:
R: 36160.542194369714707
G: 0.000000024912879
B: 4897.026121526025236
Y: 33294.739302441943437
M: -0.000000026542693
C: 4856.041201087180525
W: 1223080.725146041717380
L: 1833822.926034535281360
96 40 100 40 104 40
Case #31:
R: 33964.104649036191404
G: 39.835521955043077
B: 2186.530905916122720
Y: 32308.991563179297373
M: -0.000000018859282
C: 2158.580733131384477
W: 1158405.566088957712054
L: 1907048.390537842176855
76 40 80 40 84 40
Case #32:
R: 45861.125127644278109
G: 0.000000041443855
B: 2159.039379368769005
Y: 42480.840912498999387
M: -0.000000040978193
C: 2145.235031787073240
W: 1325527.122237498173490
L: 1717938.637311202241108
56 40 60 40 64 40
Case #33:
R: 61927.160406438633800
G: 74.556062924675643
B: 4460.005632936721668
Y: 61382.432005218928680
M: 0.000000028871000
C: 5195.007559601217508
W: 1559620.256863218033686
L: 1443452.581469632452354
36 40 40 40 44 40
Case #34:
R: 54483.679793905932456
G: 0.000000038417056
B: 5479.719044706551358
Y: 55871.538292616605759
M: -0.000000040279701
C: 8199.564619058743119
W: 1833139.376188916154206
L: 1178938.122060797177255
16 40 20 40 24 40
Case #35:
R: 41963.737353805918247
G: 0.000000091502443
B: 13807.736544252140447
Y: 46508.067295112879947
M: -0.000000092666596
C: 13773.577574876835570
W: 2041562.460517119383439
L: 978496.420714834006503
-4 40 0 40 4 40
Case #36:
R: 25622.273874405305833
G: 0.000000000000000
B: 25391.970589701086283
Y: 29439.962921154219657
M: 0.000000000931323
C: 27612.617138923145831
W: 2127416.465423323214054
L: 900628.710052492097020
-24 40 -20 40 -16 40
Case #37:
R: 12066.377508998848498
G: 0.000000048894435
B: 42195.866354032419622
Y: 14089.311805587727576
M: -0.000000043772161
C: 45015.035927953198552
W: 2046806.784655229188502
L: 975938.623748193494976
-44 40 -40 40 -36 40
Case #38:
R: 7221.842204802436754
G: -0.000000019790605
B: 56082.724477588431910
Y: 7176.541020668111742
M: 0.000000027706847
C: 57122.736390790203586
W: 1837026.609816342825070
L: 1171481.546089799841866
-64 40 -60 40 -56 40
Case #39:
R: 3816.319934417493641
G: 59.845787220867351
B: 62574.898386796936393
Y: 3781.525921138701960
M: -0.000000008614734
C: 62065.506024705944583
W: 1564391.185503589455038
L: 1439422.718442138750106
-84 40 -80 40 -76 40
Case #40:
R: 2064.823638691566885
G: 43.718736894195899
B: 47382.297289193607867
Y: 2069.012698872014880
M: 0.000000040512532
C: 44194.108513503568247
W: 1330259.378586484817788
L: 1710098.660536319250241
-104 20 -100 20 -96 20
Case #41:
R: 123.611454459140077
G: 28.720218882663175
B: 37134.664671221282333
Y: 123.462202264461666
M: -0.000000026775524
C: 33883.514296065783128
W: 1204024.095562010770664
L: 1860793.931595122674480
-84 20 -80 20 -76 20
Case #42:
R: 517.880935902474448
G: 17.349334772443399
B: 57837.367194487946108
Y: 568.735018871724606
M: 0.000000027706847
C: 52484.769957651617005
W: 1405645.469782945001498
L: 1619040.427775340853259
-64 20 -60 20 -56 20
Case #43:
R: 825.835174841806293
G: -0.000000078696758
B: 66100.018544548191130
Y: 833.584839522838593
M: 0.000000080093741
C: 66290.056830893736333
W: 1713886.773213329026476
L: 1288175.731396863004193
-44 20 -40 20 -36 20
Case #44:
R: 1547.901222325162962
G: 0.000000035623088
B: 61512.602905966108665
Y: 1536.590199772501364
M: -0.000000035157427
C: 62469.294488263083622
W: 2035630.740775745129213
L: 973414.870407928014174
-24 20 -20 20 -16 20
Case #45:
R: 3746.970997638069093
G: -0.000000128988177
B: 47356.142374564427882
Y: 4066.529390677809715
M: 0.000000123865902
C: 51685.284320381935686
W: 2319744.704256599768996
L: 709512.368660143110901
-4 20 0 20 4 20
Case #46:
R: 15624.949521425180137
G: -0.000000091269612
B: 15815.784924971405417
Y: 22830.898067421745509
M: 0.000000103376806
C: 21569.578793848864734
W: 2461419.051771549507976
L: 598851.736920771189034
16 20 20 20 24 20
Case #47:
R: 48206.530934698879719
G: 0.000000003725290
B: 2759.064310932531953
Y: 52785.250667073298246
M: -0.000000020954758
C: 5219.189957962837070
W: 2313795.366604551672935
L: 713346.597524798009545
36 20 40 20 44 20
Case #48:
R: 61201.933098801644519
G: -0.000000005355105
B: 1385.385518437484279
Y: 63487.858700299169868
M: 0.000000009546056
C: 2466.292195537360385
W: 2031840.197575332596898
L: 975730.332911588251591
56 20 60 20 64 20
Case #49:
R: 67692.686975440708920
G: -0.000000010011718
B: 826.119286800967529
Y: 67910.886256064753979
M: 0.000000011175871
C: 826.101407364709303
W: 1707423.012395359808579
L: 1291433.193678967421874
76 20 80 20 84 20
Case #50:
R: 56768.038873789133504
G: 42.729269624454901
B: 582.305623637512326
Y: 51679.763913756003603
M: -0.000000102678314
C: 580.238555470714346
W: 1405671.754609498195350
L: 1620787.169154326431453
96 0 100 0 104 0
Case #51:
R: 39066.790406577987596
G: 0.000000008381903
B: 147.269849255681038
Y: 36459.957277576439083
M: -0.000000011175871
C: 147.130125896073878
W: 1219396.536074945237488
L: 1840894.316265751142055
76 0 80 0 84 0
Case #52:
R: 62034.866264333250001
G: 79.158037383574992
B: 216.844615454552695
Y: 56950.298260008450598
M: -0.000000009778887
C: 216.700086681637913
W: 1436173.114243629854172
L: 1580441.018492518458515
56 0 60 0 64 0
Case #53:
R: 69724.227980487979949
G: 0.000000035157427
B: 470.258658522972837
Y: 69910.608679436845705
M: -0.000000037252903
C: 470.031624979106709
W: 1761104.126597925322130
L: 1234432.746458649402484
36 0 40 0 44 0
Case #54:
R: 67917.357097628060728
G: 0.000000018626451
B: 469.311774816829711
Y: 68070.796956509351730
M: -0.000000018160790
C: 469.178647540044039
W: 2104945.700403564143926
L: 894239.655119941104203
16 0 20 0 24 0
Case #55:
R: 59953.361185976304114
G: -0.000000011175871
B: 468.832404244225472
Y: 63134.353474353440106
M: 0.000000011175871
C: 468.792286316398531
W: 2435493.209814864210784
L: 576593.450834245420992
-4 0 0 0 4 0
Case #56:
R: 469.754676406737417
G: 0.000000098254532
B: 468.817175698932260
Y: 469.842135448474437
M: -0.000000108964741
C: 468.869724613148719
W: 2629562.066249562893063
L: 504672.650038280524313
-24 0 -20 0 -16 0
Case #57:
R: 469.596517045982182
G: -0.000000025611371
B: 58836.724089790601283
Y: 469.590947439428419
M: 0.000000010710210
C: 62728.447495567146689
W: 2440883.010219815187156
L: 572724.630730356555432
-44 0 -40 0 -36 0
Case #58:
R: 469.903730247169733
G: 0.000000054482371
B: 68251.928963568061590
Y: 469.804982145782560
M: -0.000000048428774
C: 69364.773459384217858
W: 2108274.403783229179680
L: 889281.185081419534981
-64 0 -60 0 -56 0
Case #59:
R: 470.678723251912743
G: 0.000000023981556
B: 70017.664740692824125
Y: 470.486093032406643
M: -0.000000024447218
C: 70230.805246945470572
W: 1761378.123487192671746
L: 1233544.241708885412663
-84 0 -80 0 -76 0
Case #60:
R: 256.603654381819069
G: 40.115626720711589
B: 61992.399557095021009
Y: 256.396495749708265
M: -0.000000003958121
C: 56640.524131366284564
W: 1434917.655988493701443
L: 1582008.304546197177842
-104 -20 -100 -20 -96 -20
Case #61:
R: 122.687527659581974
G: 28.720218901289627
B: 36709.894711716799065
Y: 122.547469461336732
M: -0.000000049127266
C: 33441.668448208598420
W: 1210858.566989653510973
L: 1854827.914634447777644
-84 -20 -80 -20 -76 -20
Case #62:
R: 517.001640324713662
G: 17.349334798287600
B: 57484.774027170380577
Y: 567.864260759670287
M: 0.000000004423782
C: 52119.292342575499788
W: 1410436.565309604164213
L: 1614969.153084762860090
-64 -20 -60 -20 -56 -20
Case #63:
R: 824.997353069484234
G: 0.000000059371814
B: 65802.671785632614046
Y: 832.754959521582350
M: -0.000000058673322
C: 65982.750578369945288
W: 1716977.091731484280899
L: 1285691.733591920929030
-44 -20 -40 -20 -36 -20
Case #64:
R: 1547.102007605135441
G: 0.000000084750354
B: 61258.479611139511690
Y: 1535.798385635949671
M: -0.000000082654878
C: 62207.314518011873588
W: 2037283.545798916602507
L: 972279.759678688598797
-24 -20 -20 -20 -16 -20
Case #65:
R: 3746.207781691104174
G: -0.000000105239451
B: 47136.469929805956781
Y: 4065.773082111030817
M: 0.000000092200935
C: 51459.305549235083163
W: 2320166.650193470530212
L: 709537.593463699333370
-4 -20 0 -20 4 -20
Case #66:
R: 15624.219925765879452
G: -0.000000015366822
B: 15624.012679413892329
Y: 22830.174928668420762
M: 0.000000018626451
C: 21372.668227418325841
W: 2460775.318081271369010
L: 599885.606157458852977
16 -20 20 -20 24 -20
Case #67:
R: 48205.832785615231842
G: -0.000000024214387
B: 2590.202276881318539
Y: 52784.558563061989844
M: 0.000000032596290
C: 5046.086208946537226
W: 2312220.052442424930632
L: 715265.267723061610013
36 -20 40 -20 44 -20
Case #68:
R: 61201.264406329020858
G: 0.000000007916242
B: 1235.565908261807635
Y: 63487.195675065740943
M: -0.000000004423782
C: 2312.930528107564896
W: 2029443.652859823545441
L: 978431.390622408827767
56 -20 60 -20 64 -20
Case #69:
R: 67692.045913787325844
G: -0.000000052852556
B: 692.297962858108804
Y: 67910.250514857470989
M: 0.000000049592927
C: 689.291966129792854
W: 1704297.128356821835041
L: 1294830.985285548493266
76 -20 80 -20 84 -20
Case #70:
R: 56767.423765081446618
G: 42.729269535047933
B: 462.054185439832509
Y: 51679.153806440066546
M: -0.000000009546056
C: 457.443092166678980
W: 1401893.859340920811519
L: 1624809.336540426360443
96 -40 100 -40 104 -40
Case #71:
R: 33963.107858410570771
G: 39.835521942470223
B: 2080.170678192749619
Y: 32308.002710543340072
M: -0.000000004889444
C: 2050.124806906795129
W: 1153949.987870928365737
L: 1911720.770553079899400
76 -40 80 -40 84 -40
Case #72:
R: 45860.087176089175045
G: -0.000000027241185
B: 2041.549943144200370
Y: 42479.811394732212648
M: 0.000000026309863
C: 2025.311008582590148
W: 1321642.512496010167524
L: 1722062.727981441887096
56 -40 60 -40 64 -40
Case #73:
R: 61926.078690954484046
G: 74.556062968913466
B: 4329.546190846711397
Y: 61381.359261135570705
M: -0.000000013271347
C: 5061.697515403153375
W: 1556369.343458788003772
L: 1446969.418819916900247
36 -40 40 -40 44 -40
Case #74:
R: 54482.551486920332536
G: 0.000000012805685
B: 5334.019634615862742
Y: 55870.419541719136760
M: -0.000000016298145
C: 8050.498233328107744
W: 1830595.772700862493366
L: 1181778.738402557093650
16 -40 20 -40 24 -40
Case #75:
R: 41962.559379009297118
G: -0.000000002793968
B: 13643.965383554575965
Y: 46506.899513015290722
M: 0.000000007450581
C: 13605.790551439160481
W: 2039813.333339832723141
L: 980579.451833143830299
-4 -40 0 -40 4 -40
Case #76:
R: 25621.042878731619567
G: -0.000000032596290
B: 25206.489978676661849
Y: 29438.742812310345471
M: 0.000000025145710
C: 27422.233126019127667
W: 2126566.256835740059614
L: 901857.234368529636413
-24 -40 -20 -40 -16 -40
Case #77:
R: 12065.089830457931384
G: 0.000000084983185
B: 41984.315602049464360
Y: 14088.035772514762357
M: -0.000000081723556
C: 44797.692337189335376
W: 2046981.352370585314929
L: 976195.514087200630456
-44 -40 -40 -40 -36 -40
Case #78:
R: 7220.493836150737479
G: 0.000000000000000
B: 55839.662532212911174
Y: 7175.205128483241424
M: 0.000000000698492
C: 56872.533070972887799
W: 1838377.207974790828303
L: 1170626.897457387996837
-64 -40 -60 -40 -56 -40
Case #79:
R: 3814.906481732148677
G: 59.845787259051576
B: 62292.743845268152654
Y: 3780.125856820261106
M: -0.000000048428774
C: 61774.409678783733398
W: 1567104.970523571828380
L: 1437284.997826612787321
-84 -40 -80 -40 -76 -40
Case #80:
R: 2063.340273429173976
G: 43.718736995011568
B: 47050.835059662815183
Y: 2067.543724869145080
M: -0.000000056112185
C: 43851.246644943254068
W: 1334571.740497665945441
L: 1706463.575062491465360
-104 -60 -100 -60 -96 -60
Case #81:
R: 3527.519474878907204
G: 14.029764668783173
B: 28228.398256288142875
Y: 3481.907211963320151
M: -0.000000106869265
C: 28680.469953470630571
W: 1106116.013447253732011
L: 1966063.661891583586112
-84 -60 -80 -60 -76 -60
Case #82:
R: 4603.924971943954006
G: 0.000000038882717
B: 36839.888411394553259
Y: 6074.088619725080207
M: -0.000000038882717
C: 35152.344896778929979
W: 1230841.477520701941103
L: 1822600.275579456239939
-64 -60 -60 -60 -56 -60
Case #83:
R: 6983.936160346493125
G: 23.141720744082704
B: 46222.072740922681987
Y: 6981.282525171060115
M: -0.000000067055225
C: 43315.142404831480235
W: 1388302.813430637586862
L: 1644283.611017413903028
-44 -60 -40 -60 -36 -60
Case #84:
R: 11526.510985560715199
G: 13.490518881473690
B: 51560.793168440926820
Y: 12300.262899285648018
M: -0.000000040978193
C: 51563.755760841304436
W: 1572980.035102575318888
L: 1436167.151564455358312
-24 -60 -20 -60 -16 -60
Case #85:
R: 18286.499567401362583
G: 0.000000041211024
B: 38447.528840862913057
Y: 20885.411559229949489
M: -0.000000044237822
C: 42639.636599362827837
W: 1729066.648883084068075
L: 1286786.274550061905757
-4 -60 0 -60 4 -60
Case #86:
R: 29009.337024279870093
G: 0.000000062398612
B: 27132.638482451206073
Y: 31297.558489785995334
M: -0.000000067055225
C: 31803.511864169966429
W: 1783295.938968148315325
L: 1233573.015171169536188
16 -60 20 -60 24 -60
Case #87:
R: 42387.750034941593185
G: -0.000000045867637
B: 19199.113348538987339
Y: 42388.810075704474002
M: 0.000000045169145
C: 19131.602974412264302
W: 1722735.706141656730324
L: 1290269.017424746882170
36 -60 40 -60 44 -60
Case #88:
R: 50055.941435513785109
G: 16.025911073666066
B: 12443.859386260155588
Y: 52184.412526733474806
M: 0.000000091036782
C: 13670.566386268008500
W: 1561826.844710431294516
L: 1445914.349643628345802
56 -60 60 -60 64 -60
Case #89:
R: 45976.323152745375410
G: 0.000000005122274
B: 8832.261490483535454
Y: 44405.336908239172772
M: -0.000000006286427
C: 8762.223420704482123
W: 1374012.181329895276576
L: 1654123.673697933088988
76 -60 80 -60 84 -60
Case #90:
R: 36159.358344555366784
G: 0.000000021187589
B: 4783.668992076767609
Y: 33293.565057143336162
M: -0.000000018626451
C: 4740.452223788714036
W: 1219018.244270937051624
L: 1838116.711111495736986
96 -80 100 -80 104 -80
Case #91:
R: 24673.312341016368009
G: 21.221787994378246
B: 4346.886635750066489
Y: 22561.817716557648964
M: 0.000000075087883
C: 4311.325996887753718
W: 1029825.565969377174042
L: 2050371.869552341755480
76 -80 80 -80 84 -80
Case #92:
R: 30359.536607785383239
G: 45.394247840158641
B: 8583.322846678085625
Y: 29781.624467117479071
M: 0.000000080326572
C: 8494.910601613577455
W: 1113671.057105166139081
L: 1945176.154123719083145
56 -80 60 -80 64 -80
Case #93:
R: 35773.006668885005638
G: -0.000000101979822
B: 10636.942874875850976
Y: 34375.064175926847383
M: 0.000000098953024
C: 13550.858705528778955
W: 1215862.476515587419271
L: 1825913.651059199124575
36 -80 40 -80 44 -80
Case #94:
R: 39673.048383830115199
G: 39.655640334589407
B: 13617.480501928133890
Y: 37963.610810792772099
M: 0.000000061932951
C: 17933.873027319787070
W: 1322427.844109070720151
L: 1704456.487526661483571
16 -80 20 -80 24 -80
Case #95:
R: 36917.657417220761999
G: 34.784454729873687
B: 20871.965667459648103
Y: 38432.972683820640668
M: 0.000000037485734
C: 25197.941936184186488
W: 1409063.919895346043631
L: 1605592.757945201126859
-4 -80 0 -80 4 -80
Case #96:
R: 29303.378728870302439
G: -0.000000032596290
B: 31564.441508652409539
Y: 30327.178641200996935
M: 0.000000040745363
C: 31042.790982109960169
W: 1446839.141490621492267
L: 1567035.068648536223918
-24 -80 -20 -80 -16 -80
Case #97:
R: 22458.795132615603507
G: 0.000000009313226
B: 35823.575712921563536
Y: 23021.445410745218396
M: -0.000000004190952
C: 35024.150309641845524
W: 1413442.523694738047197
L: 1606341.509739332599565
-44 -80 -40 -80 -36 -80
Case #98:
R: 16905.283078810432926
G: 3.240185617236421
B: 36331.689823045162484
Y: 16765.115898872027174
M: -0.000000025145710
C: 37976.447316151810810
W: 1326216.220724764512852
L: 1701914.002972763730213
-64 -80 -60 -80 -56 -80
Case #99:
R: 11519.260353248333558
G: 20.183859717799351
B: 33619.778247617417946
Y: 11420.661874647717923
M: -0.000000054016709
C: 34760.692531153094023
W: 1218620.213696257211268
L: 1826151.209437411744148
-84 -80 -80 -80 -76 -80
Case #100:
R: 6980.987071908311918
G: 0.000000062398612
B: 28951.444554787361994
Y: 8340.586382454494014
M: -0.000000065891072
C: 27516.580215313471854
W: 1114837.772854584036395
L: 1949484.628920956747606
Start time: 583518621 μs
End time: 595361511 μs
Execution time: 11842890 microseconds