Case #1:
R: 7445.525718471733853
G: -0.000000000349246
B: 19907.935322150704451
Y: 7387.144425259088166
M: -0.000000001047738
C: 18544.730099305277690
W: 955946.752561897737905
L: 2126879.911872916854918
-84 100 -80 100 -76 100
Case #2:
R: 10995.075026293634437
G: 0.000000002328306
B: 27322.530847844202071
Y: 10854.918258367455564
M: -0.000000001280569
C: 26107.109020731993951
W: 1013597.337739211507142
L: 2047235.029107550159097
-64 100 -60 100 -56 100
Case #3:
R: 12561.109893020708114
G: 8.383129278663546
B: 29262.239968180889264
Y: 15697.250231242971495
M: -0.000000000465661
C: 27433.279379336629063
W: 1080609.350940821925178
L: 1970540.386458119144663
-44 100 -40 100 -36 100
Case #4:
R: 16765.030980589799583
G: 18.996728832833469
B: 31260.221920262556523
Y: 17535.410205252235755
M: -0.000000002793968
C: 28882.969185019377619
W: 1145567.979778760811314
L: 1896081.391201284946874
-24 100 -20 100 -16 100
Case #5:
R: 21778.266701208194718
G: 20.038513546111062
B: 30150.538972361013293
Y: 21213.468272981001064
M: -0.000000002095476
C: 29061.988545678323135
W: 1191231.253556408919394
L: 1842656.445437817834318
-4 100 0 100 4 100
Case #6:
R: 26757.965325410943478
G: 0.000000000465661
B: 27295.169397769263014
Y: 25568.648669300135225
M: 0.000000000931323
C: 26877.960181136382744
W: 1209139.347143786493689
L: 1820472.909282595384866
16 100 20 100 24 100
Case #7:
R: 28549.497115296777338
G: 0.000000002095476
B: 23095.539981189649552
Y: 31067.327952978666872
M: -0.000000000232831
C: 22856.925580938346684
W: 1190346.564379217568785
L: 1840196.144990376662463
36 100 40 100 44 100
Case #8:
R: 28981.744242460932583
G: -0.000000002793968
B: 17761.484379207016900
Y: 30883.899974021129310
M: 0.000000003026798
C: 17497.068943329853937
W: 1144977.287509877467528
L: 1896010.514951103134081
56 100 60 100 64 100
Case #9:
R: 27859.535846891347319
G: 33.851199387107044
B: 12689.492709971498698
Y: 27530.946502094389871
M: -0.000000000931323
C: 12556.711792013142258
W: 1085961.009363763732836
L: 1969480.452585879946128
76 100 80 100 84 100
Case #10:
R: 25350.476281080278568
G: 51.085377823445015
B: 8570.617114630644210
Y: 24146.474380201892927
M: 0.000000002444722
C: 13308.919277043198235
W: 1019781.535624591168016
L: 2044902.891944627277553
96 80 100 80 104 80
Case #11:
R: 24675.118168467772193
G: 21.221788069000468
B: 4480.901878839125857
Y: 22563.609181562205777
M: 0.000000000814907
C: 4448.311721070203930
W: 1033930.928543736459687
L: 2045991.908718253718689
76 80 80 80 84 80
Case #12:
R: 30361.416904809884727
G: 45.394247919088230
B: 8733.174320274731144
Y: 29783.489506029989570
M: 0.000000002561137
C: 8648.245607411488891
W: 1117052.592402125475928
L: 1941487.687011426547542
56 80 60 80 64 80
Case #13:
R: 35774.966138834599406
G: 0.000000001164153
B: 10805.642992906039581
Y: 34377.007416014093906
M: -0.000000000232831
C: 13723.828896148363128
W: 1218429.653542916057631
L: 1823000.901013179915026
36 80 40 80 44 80
Case #14:
R: 39675.092134553473443
G: 39.655640399316326
B: 13809.096345616271719
Y: 37965.637275721877813
M: -0.000000002095476
C: 18130.346663826610893
W: 1324070.700857750605792
L: 1702421.471082133240998
16 80 20 80 24 80
Case #15:
R: 36919.791005658917129
G: 34.784454771084711
B: 21089.642327607842162
Y: 38435.087836878141388
M: -0.000000003958121
C: 25421.426963052945212
W: 1409655.664352695923299
L: 1604555.603059338871390
-4 80 0 80 4 80
Case #16:
R: 29299.507807714398950
G: -0.000000000232831
B: 31487.125651558861136
Y: 30323.339675314724445
M: 0.000000004889444
C: 30923.099771921290085
W: 1447308.314619110431522
L: 1566770.612474375870079
-24 80 -20 80 -16 80
Case #17:
R: 22454.758299919776618
G: 0.000000002561137
B: 35544.527092054486275
Y: 23017.442601336399093
M: -0.000000003492460
C: 34706.960720508359373
W: 1415090.716146633960307
L: 1605297.595139548182487
-44 80 -40 80 -36 80
Case #18:
R: 16901.069456761935726
G: 3.240185592090711
B: 35864.463699713815004
Y: 16760.938550026621670
M: 0.000000002095476
C: 37471.715454218909144
W: 1329993.254869728116319
L: 1699117.317783956648782
-64 80 -60 80 -56 80
Case #19:
R: 11514.858094166032970
G: 20.183859671233222
B: 32962.565342556219548
Y: 11416.298341025831178
M: 0.000000000465661
C: 34064.380519196391106
W: 1225471.306945560965687
L: 1820662.406897822860628
-84 80 -80 80 -76 80
Case #20:
R: 6983.672873768722638
G: -0.000000003026798
B: 28433.568155019544065
Y: 8343.246167769422755
M: -0.000000001396984
C: 27086.896545059047639
W: 1124945.795139111112803
L: 1940318.821119275875390
-104 60 -100 60 -96 60
Case #21:
R: 3522.171522849239409
G: 14.029764562379569
B: 27515.199372732546180
Y: 3476.609449357027188
M: 0.000000000232831
C: 27897.785808401182294
W: 1109063.568516341503710
L: 1964622.635565755423158
-84 60 -80 60 -76 60
Case #22:
R: 4598.821068491786718
G: 0.000000001629815
B: 36468.584883542265743
Y: 6069.031519793672487
M: 0.000000003026798
C: 34712.101741825230420
W: 1230589.339540216606110
L: 1823674.121246125083417
-64 60 -60 60 -56 60
Case #23:
R: 6979.059985392028466
G: 23.141720677493140
B: 46440.847072234610096
Y: 6976.450065617682412
M: 0.000000002095476
C: 43235.844786586472765
W: 1386577.136202995898202
L: 1645879.520166494650766
-44 60 -40 60 -36 60
Case #24:
R: 11528.048228512052447
G: 13.490518837468699
B: 51785.650039438391104
Y: 12301.785942786373198
M: -0.000000001862645
C: 51794.640747396741062
W: 1572117.386981290997937
L: 1436570.997541739838198
-24 60 -20 60 -16 60
Case #25:
R: 18287.967735604615882
G: 0.000000004190952
B: 38644.880025271326303
Y: 20886.866472101537511
M: -0.000000012805685
C: 42842.115997514920309
W: 1729292.564750990131870
L: 1286157.605018527014181
-4 60 0 60 4 60
Case #26:
R: 29010.740670910803601
G: -0.000000005122274
B: 27307.036359475459903
Y: 31298.949743419885635
M: 0.000000005587935
C: 31982.170370454899967
W: 1784477.752297130879015
L: 1232035.350558607373387
16 60 20 60 24 60
Case #27:
R: 42389.093321825610474
G: 0.000000001164153
B: 19354.321832152549177
Y: 42390.141758420504630
M: -0.000000008847564
C: 19290.388592637144029
W: 1724762.892882487736642
L: 1287925.161612484604120
36 60 40 60 44 60
Case #28:
R: 50057.228173876646906
G: 16.025911164702848
B: 12582.866432593669742
Y: 52185.688384326640517
M: 0.000000001164153
C: 13812.605097813066095
W: 1564606.862283759750426
L: 1442850.723716464359313
56 60 60 60 64 60
Case #29:
R: 45977.556839501019567
G: -0.000000009778887
B: 8957.468159882584587
Y: 44406.560378997121006
M: 0.000000007683411
C: 8890.021329279756173
W: 1377466.791521371575072
L: 1650413.601770969806239
76 60 80 60 84 60
Case #30:
R: 36160.542194341309369
G: -0.000000003492460
B: 4897.026121497619897
Y: 33294.739302470348775
M: 0.000000001862645
C: 4856.041201115585864
W: 1223080.725146013312042
L: 1833822.926034563686699
96 40 100 40 104 40
Case #31:
R: 33964.104649015469477
G: 39.835521934321150
B: 2186.530905895400792
Y: 32308.991563200019300
M: 0.000000001862645
C: 2158.580733152106404
W: 1158405.566088936990127
L: 1907048.390537863364443
76 40 80 40 84 40
Case #32:
R: 45861.125127602601424
G: -0.000000000232831
B: 2159.039379327092320
Y: 42480.840912540676072
M: 0.000000000698492
C: 2145.235031828749925
W: 1325527.122237456496805
L: 1717938.637311244383454
56 40 60 40 64 40
Case #33:
R: 61927.160406469367445
G: 74.556062955409288
B: 4460.005632967455313
Y: 61382.432005188195035
M: -0.000000001862645
C: 5195.007559570483863
W: 1559620.256863248767331
L: 1443452.581469601718709
36 40 40 40 44 40
Case #34:
R: 54483.679793872172013
G: 0.000000004656613
B: 5479.719044672790915
Y: 55871.538292650366202
M: -0.000000006519258
C: 8199.564619092503563
W: 1833139.376188882393762
L: 1178938.122060831869021
16 40 20 40 24 40
Case #35:
R: 41963.737353719538078
G: 0.000000005122274
B: 13807.736544165760279
Y: 46508.067295199260116
M: -0.000000006286427
C: 13773.577574963215739
W: 2041562.460517033003271
L: 978496.420714919921011
-4 40 0 40 4 40
Case #36:
R: 25622.273874395992607
G: -0.000000009313226
B: 25391.970589691773057
Y: 29439.962921163532883
M: 0.000000010244548
C: 27612.617138932459056
W: 2127416.465423313900828
L: 900628.710052501410246
-24 40 -20 40 -16 40
Case #37:
R: 12066.377508951351047
G: 0.000000001396984
B: 42195.866353984922171
Y: 14089.311805635225028
M: 0.000000003725290
C: 45015.035928000696003
W: 2046806.784655181691051
L: 975938.623748240992427
-44 40 -40 40 -36 40
Case #38:
R: 7221.842204832704738
G: 0.000000010477379
B: 56082.724477618699893
Y: 7176.541020637843758
M: -0.000000002561137
C: 57122.736390759935603
W: 1837026.609816373093054
L: 1171481.546089770505205
-64 40 -60 40 -56 40
Case #39:
R: 3816.319934402359650
G: 59.845787205733359
B: 62574.898386781802401
Y: 3781.525921153835952
M: 0.000000006519258
C: 62065.506024721078575
W: 1564391.185503574321046
L: 1439422.718442153884098
-84 40 -80 40 -76 40
Case #40:
R: 2064.823638737900183
G: 43.718736940529197
B: 47382.297289239941165
Y: 2069.012698825681582
M: -0.000000005820766
C: 44194.108513457234949
W: 1330259.378586531151086
L: 1710098.660536272451282
-104 20 -100 20 -96 20
Case #41:
R: 123.611454434692860
G: 28.720218858215958
B: 37134.664671196835116
Y: 123.462202288908884
M: -0.000000002328306
C: 33883.514296090230346
W: 1204024.095561986323446
L: 1860793.931595147587359
-84 20 -80 20 -76 20
Case #42:
R: 517.880935937631875
G: 17.349334807600826
B: 57837.367194523103535
Y: 568.735018836567178
M: -0.000000007450581
C: 52484.769957616459578
W: 1405645.469782980158925
L: 1619040.427775306161493
-64 20 -60 20 -56 20
Case #43:
R: 825.835174923995510
G: 0.000000003492460
B: 66100.018544630380347
Y: 833.584839440649375
M: -0.000000002095476
C: 66290.056830811547115
W: 1713886.773213411215693
L: 1288175.731396780814976
-44 20 -40 20 -36 20
Case #44:
R: 1547.901222292799503
G: 0.000000003259629
B: 61512.602905933745205
Y: 1536.590199804864824
M: -0.000000002793968
C: 62469.294488295447081
W: 2035630.740775712765753
L: 973414.870407959911972
-24 20 -20 20 -16 20
Case #45:
R: 3746.970997730270028
G: -0.000000036787242
B: 47356.142374656628817
Y: 4066.529390585608780
M: 0.000000031664968
C: 51685.284320289734751
W: 2319744.704256691969931
L: 709512.368660050909966
-4 20 0 20 4 20
Case #46:
R: 15624.949521508067846
G: -0.000000008381903
B: 15815.784925054293126
Y: 22830.898067338857800
M: 0.000000020489097
C: 21569.578793765977025
W: 2461419.051771632395685
L: 598851.736920688301325
16 20 20 20 24 20
Case #47:
R: 48206.530934682581574
G: -0.000000012572855
B: 2759.064310916233808
Y: 52785.250667089596391
M: -0.000000004656613
C: 5219.189957979135215
W: 2313795.366604535374790
L: 713346.597524814307690
36 20 40 20 44 20
Case #48:
R: 61201.933098809327930
G: 0.000000002328306
B: 1385.385518445167691
Y: 63487.858700291486457
M: 0.000000001862645
C: 2466.292195529676974
W: 2031840.197575340280309
L: 975730.332911580102518
56 20 60 20 64 20
Case #49:
R: 67692.686975452117622
G: 0.000000001396984
B: 826.119286812376231
Y: 67910.886256053345278
M: -0.000000000232831
C: 826.101407353300601
W: 1707423.012395371217281
L: 1291433.193678956478834
76 20 80 20 84 20
Case #50:
R: 56768.038873689481989
G: 42.729269524803385
B: 582.305623537860811
Y: 51679.763913855655119
M: -0.000000003026798
C: 580.238555570365861
W: 1405671.754609398543835
L: 1620787.169154426082969
96 0 100 0 104 0
Case #51:
R: 39066.790406568674371
G: -0.000000000931323
B: 147.269849246367812
Y: 36459.957277585752308
M: -0.000000001862645
C: 147.130125905387104
W: 1219396.536074935924262
L: 1840894.316265760455281
76 0 80 0 84 0
Case #52:
R: 62034.866264331620187
G: 79.158037381945178
B: 216.844615452922881
Y: 56950.298260010080412
M: -0.000000008149073
C: 216.700086683267727
W: 1436173.114243628224358
L: 1580441.018492521019652
56 0 60 0 64 0
Case #53:
R: 69724.227980442112312
G: -0.000000010710210
B: 470.258658477105200
Y: 69910.608679482713342
M: 0.000000008614734
C: 470.031625024974346
W: 1761104.126597879454494
L: 1234432.746458695270121
36 0 40 0 44 0
Case #54:
R: 67917.357097606174648
G: -0.000000003259629
B: 469.311774794943631
Y: 68070.796956531237811
M: 0.000000003725290
C: 469.178647561930120
W: 2104945.700403542257845
L: 894239.655119962990284
16 0 20 0 24 0
Case #55:
R: 59953.361185995396227
G: 0.000000007916242
B: 468.832404263317585
Y: 63134.353474334347993
M: -0.000000007916242
C: 468.792286297306418
W: 2435493.209814883302897
L: 576593.450834226328880
-4 0 0 0 4 0
Case #56:
R: 469.754676293581724
G: -0.000000014901161
B: 468.817175585776567
Y: 469.842135561630130
M: 0.000000004190952
C: 468.869724726304412
W: 2629562.066249449737370
L: 504672.650038393680006
-24 0 -20 0 -16 0
Case #57:
R: 469.596517068799585
G: -0.000000002793968
B: 58836.724089813418686
Y: 469.590947416611016
M: -0.000000012107193
C: 62728.447495544329286
W: 2440883.010219838004559
L: 572724.630730333738029
-44 0 -40 0 -36 0
Case #58:
R: 469.903730184771121
G: -0.000000007916242
B: 68251.928963505662978
Y: 469.804982208181173
M: 0.000000013969839
C: 69364.773459446616471
W: 2108274.403783166781068
L: 889281.185081481933594
-64 0 -60 0 -56 0
Case #59:
R: 470.678723238874227
G: 0.000000010943040
B: 70017.664740679785609
Y: 470.486093045445159
M: -0.000000011408702
C: 70230.805246958509088
W: 1761378.123487179633230
L: 1233544.241708898451179
-84 0 -80 0 -76 0
Case #60:
R: 256.603654378792271
G: 40.115626717684790
B: 61992.399557091994211
Y: 256.396495752735063
M: -0.000000000931323
C: 56640.524131369311363
W: 1434917.655988490674645
L: 1582008.304546198807657
-104 -20 -100 -20 -96 -20
Case #61:
R: 122.687527612084523
G: 28.720218853792176
B: 36709.894711669301614
Y: 122.547469508834183
M: -0.000000001629815
C: 33441.668448256095871
W: 1210858.566989606013522
L: 1854827.914634495275095
-84 -20 -80 -20 -76 -20
Case #62:
R: 517.001640327507630
G: 17.349334801081568
B: 57484.774027173174545
Y: 567.864260756876320
M: 0.000000001629815
C: 52119.292342572705820
W: 1410436.565309606958181
L: 1614969.153084760066122
-64 -20 -60 -20 -56 -20
Case #63:
R: 824.997353011043742
G: 0.000000000931323
B: 65802.671785574173555
Y: 832.754959580022842
M: -0.000000000232831
C: 65982.750578428385779
W: 1716977.091731425840408
L: 1285691.733591979835182
-44 -20 -40 -20 -36 -20
Case #64:
R: 1547.102007515961304
G: -0.000000004423782
B: 61258.479611050337553
Y: 1535.798385725123808
M: 0.000000006519258
C: 62207.314518101047724
W: 2037283.545798827428371
L: 972279.759678778238595
-24 -20 -20 -20 -16 -20
Case #65:
R: 3746.207781776320189
G: -0.000000020023435
B: 47136.469929891172796
Y: 4065.773082025814801
M: 0.000000006984919
C: 51459.305549149867147
W: 2320166.650193555746228
L: 709537.593463614117354
-4 -20 0 -20 4 -20
Case #66:
R: 15624.219925781711936
G: 0.000000000465661
B: 15624.012679429724813
Y: 22830.174928652588278
M: 0.000000002793968
C: 21372.668227402493358
W: 2460775.318081287201494
L: 599885.606157443020493
16 -20 20 -20 24 -20
Case #67:
R: 48205.832785638514906
G: -0.000000000931323
B: 2590.202276904601604
Y: 52784.558563038706779
M: 0.000000009313226
C: 5046.086208923254162
W: 2312220.052442448213696
L: 715265.267723038326949
36 -20 40 -20 44 -20
Case #68:
R: 61201.264406325062737
G: 0.000000003958121
B: 1235.565908257849514
Y: 63487.195675069699064
M: -0.000000000465661
C: 2312.930528111523017
W: 2029443.652859819587320
L: 978431.390622413251549
56 -20 60 -20 64 -20
Case #69:
R: 67692.045913840876892
G: 0.000000000698492
B: 692.297962911659852
Y: 67910.250514803919941
M: -0.000000003958121
C: 689.291966076241806
W: 1704297.128356875386089
L: 1294830.985285494942218
76 -20 80 -20 84 -20
Case #70:
R: 56767.423765070736408
G: 42.729269524337724
B: 462.054185429122299
Y: 51679.153806450776756
M: 0.000000001164153
C: 457.443092177389190
W: 1401893.859340910101309
L: 1624809.336540436139330
96 -40 100 -40 104 -40
Case #71:
R: 33963.107858402421698
G: 39.835521934321150
B: 2080.170678184600547
Y: 32308.002710551489145
M: 0.000000003259629
C: 2050.124806914944202
W: 1153949.987870920216665
L: 1911720.770553088048473
76 -40 80 -40 84 -40
Case #72:
R: 45860.087176111061126
G: -0.000000005355105
B: 2041.549943166086450
Y: 42479.811394710326567
M: 0.000000004423782
C: 2025.311008560704067
W: 1321642.512496032053605
L: 1722062.727981420932338
56 -40 60 -40 64 -40
Case #73:
R: 61926.078690940979868
G: 74.556062955409288
B: 4329.546190833207220
Y: 61381.359261149074882
M: 0.000000000232831
C: 5061.697515416657552
W: 1556369.343458774499595
L: 1446969.418819929473102
36 -40 40 -40 44 -40
Case #74:
R: 54482.551486916141585
G: 0.000000008614734
B: 5334.019634611671790
Y: 55870.419541723327711
M: -0.000000012107193
C: 8050.498233332298696
W: 1830595.772700858302414
L: 1181778.738402562215924
16 -40 20 -40 24 -40
Case #75:
R: 41962.559379011392593
G: -0.000000000698492
B: 13643.965383556671441
Y: 46506.899513013195246
M: 0.000000005355105
C: 13605.790551437065005
W: 2039813.333339834818617
L: 980579.451833142666146
-4 -40 0 -40 4 -40
Case #76:
R: 25621.042878753971308
G: -0.000000010244548
B: 25206.489978699013591
Y: 29438.742812287993729
M: 0.000000002793968
C: 27422.233125996775925
W: 2126566.256835762411356
L: 901857.234368507284671
-24 -40 -20 -40 -16 -40
Case #77:
R: 12065.089830374810845
G: 0.000000001862645
B: 41984.315601966343820
Y: 14088.035772597882897
M: 0.000000001396984
C: 44797.692337272455916
W: 2046981.352370502194390
L: 976195.514087283285335
-44 -40 -40 -40 -36 -40
Case #78:
R: 7220.493836156558245
G: 0.000000005820766
B: 55839.662532218731940
Y: 7175.205128477420658
M: -0.000000005122274
C: 56872.533070967067033
W: 1838377.207974796649069
L: 1170626.897457382641733
-64 -40 -60 -40 -56 -40
Case #79:
R: 3814.906481675570831
G: 59.845787202473730
B: 62292.743845211574808
Y: 3780.125856876838952
M: 0.000000008149073
C: 61774.409678840311244
W: 1567104.970523515250534
L: 1437284.997826669830829
-84 -40 -80 -40 -76 -40
Case #80:
R: 2063.340273374691606
G: 43.718736940529197
B: 47050.835059608332813
Y: 2067.543724923627451
M: -0.000000001629815
C: 43851.246644997736439
W: 1334571.740497611463070
L: 1706463.575062545016408
-104 -60 -100 -60 -96 -60
Case #81:
R: 3527.519474772270769
G: 14.029764562146738
B: 28228.398256181506440
Y: 3481.907212069956586
M: -0.000000000232831
C: 28680.469953577267006
W: 1106116.013447147095576
L: 1966063.661891689291224
-84 -60 -80 -60 -76 -60
Case #82:
R: 4603.924971905071288
G: 0.000000000000000
B: 36839.888411355670542
Y: 6074.088619763962924
M: 0.000000000000000
C: 35152.344896817812696
W: 1230841.477520663058385
L: 1822600.275579494656995
-64 -60 -60 -60 -56 -60
Case #83:
R: 6983.936160280136392
G: 23.141720677725971
B: 46222.072740856325254
Y: 6981.282525237416849
M: -0.000000000698492
C: 43315.142404897836968
W: 1388302.813430571230128
L: 1644283.611017479328439
-44 -60 -40 -60 -36 -60
Case #84:
R: 11526.510985518805683
G: 13.490518839564174
B: 51560.793168399017304
Y: 12300.262899327557534
M: 0.000000000931323
C: 51563.755760883213952
W: 1572980.035102533409372
L: 1436167.151564497267827
-24 -60 -20 -60 -16 -60
Case #85:
R: 18286.499567366670817
G: 0.000000006519258
B: 38447.528840828221291
Y: 20885.411559264641255
M: -0.000000009546056
C: 42639.636599397519603
W: 1729066.648883049376309
L: 1286786.274550097063184
-4 -60 0 -60 4 -60
Case #86:
R: 29009.337024209788069
G: -0.000000007683411
B: 27132.638482381124049
Y: 31297.558489856077358
M: 0.000000003026798
C: 31803.511864240048453
W: 1783295.938968078233302
L: 1233573.015171238221228
16 -60 20 -60 24 -60
Case #87:
R: 42387.750034993980080
G: 0.000000006519258
B: 19199.113348591374233
Y: 42388.810075652087107
M: -0.000000007217750
C: 19131.602974359877408
W: 1722735.706141709117219
L: 1290269.017424694495276
36 -60 40 -60 44 -60
Case #88:
R: 50055.941435608780012
G: 16.025911168660969
B: 12443.859386355150491
Y: 52184.412526638479903
M: -0.000000003958121
C: 13670.566386173013598
W: 1561826.844710526289418
L: 1445914.349643533350900
56 -60 60 -60 64 -60
Case #89:
R: 45976.323152736993507
G: -0.000000003259629
B: 8832.261490475153551
Y: 44405.336908247554675
M: 0.000000002095476
C: 8762.223420712864026
W: 1374012.181329886894673
L: 1654123.673697941470891
76 -60 80 -60 84 -60
Case #90:
R: 36159.358344533713534
G: -0.000000000465661
B: 4783.668992055114359
Y: 33293.565057164989412
M: 0.000000003026798
C: 4740.452223810367286
W: 1219018.244270915398374
L: 1838116.711111518321559
96 -80 100 -80 104 -80
Case #91:
R: 24673.312341090524569
G: 21.221788068534806
B: 4346.886635824223049
Y: 22561.817716483492404
M: 0.000000000931323
C: 4311.325996813597158
W: 1029825.565969451330602
L: 2050371.869552267715335
76 -80 80 -80 84 -80
Case #92:
R: 30359.536607864079997
G: 45.394247918855399
B: 8583.322846756782383
Y: 29781.624467038782313
M: 0.000000001629815
C: 8494.910601534880698
W: 1113671.057105244835839
L: 1945176.154123639920726
56 -80 60 -80 64 -80
Case #93:
R: 35773.006668985122815
G: -0.000000001862645
B: 10636.942874975968152
Y: 34375.064175826730207
M: -0.000000001164153
C: 13550.858705428661779
W: 1215862.476515687536448
L: 1825913.651059099938720
36 -80 40 -80 44 -80
Case #94:
R: 39673.048383887857199
G: 39.655640392331406
B: 13617.480501985875890
Y: 37963.610810735030100
M: 0.000000004190952
C: 17933.873027262045071
W: 1322427.844109128462151
L: 1704456.487526603741571
16 -80 20 -80 24 -80
Case #95:
R: 36917.657417254755273
G: 34.784454763866961
B: 20871.965667493641376
Y: 38432.972683786647394
M: 0.000000003492460
C: 25197.941936150193214
W: 1409063.919895380036905
L: 1605592.757945167599246
-4 -80 0 -80 4 -80
Case #96:
R: 29303.378728901036084
G: -0.000000001862645
B: 31564.441508683143184
Y: 30327.178641170263290
M: 0.000000010011718
C: 31042.790982079226524
W: 1446839.141490652225912
L: 1567035.068648505490273
-24 -80 -20 -80 -16 -80
Case #97:
R: 22458.795132612343878
G: 0.000000006053597
B: 35823.575712918303907
Y: 23021.445410748478025
M: -0.000000000931323
C: 35024.150309645105153
W: 1413442.523694734787568
L: 1606341.509739335859194
-44 -80 -40 -80 -36 -80
Case #98:
R: 16905.283078781561926
G: 3.240185588365421
B: 36331.689823016291484
Y: 16765.115898900898173
M: 0.000000003725290
C: 37976.447316180681810
W: 1326216.220724735641852
L: 1701914.002972792601213
-64 -80 -60 -80 -56 -80
Case #99:
R: 11519.260353198042139
G: 20.183859667507932
B: 33619.778247567126527
Y: 11420.661874698009342
M: -0.000000003725290
C: 34760.692531203385442
W: 1218620.213696206919849
L: 1826151.209437462035567
-84 -80 -80 -80 -76 -80
Case #100:
R: 6980.987071844516322
G: -0.000000001396984
B: 28951.444554723566398
Y: 8340.586382518289611
M: -0.000000002095476
C: 27516.580215377267450
W: 1114837.772854520240799
L: 1949484.628921019146219
Start time: 406509205 μs
End time: 537741490 μs
Execution time: 131232285 microseconds