Case #1:
R: 2910.7835639100522
G: 640.2032165448181
B: 2910.7835639100522
Y: 99249.4225405650213
M: 115492.0509888478555
C: 76986.0949685140513
W: 2836854.0912360651419
L: 1068.5699216430075
Case #2:
R: 2910.7835638998076
G: 640.2032165406272
B: 2910.7835638951510
Y: 98117.2854436715133
M: 116029.5739957899787
C: 78024.2112222551368
W: 2836410.5890722940676
L: 1068.5699216537178
Case #3:
R: 2910.7835639142431
G: 640.2032165401615
B: 2910.7835639128461
Y: 96984.3660435588099
M: 116521.7591247837991
C: 79077.7090236865915
W: 2835997.8255419568159
L: 1068.5699216467328
Case #4:
R: 2910.7835639058612
G: 640.2032165373676
B: 2910.7835639044642
Y: 95845.9258967218921
M: 116964.7296588155441
C: 80142.7006150814705
W: 2835628.3035633806139
L: 1068.5699216527864
Case #5:
R: 2910.7835639021359
G: 640.2032165392302
B: 2910.7835639021359
Y: 94701.5181436520070
M: 117347.7315746922977
C: 81217.4133424283937
W: 2835314.9966732300818
L: 1068.5699216537178
Case #6:
R: 2910.7835638974793
G: 640.2032165336423
B: 2910.7835639021359
Y: 93556.4777907426469
M: 117676.2655299436301
C: 82301.8670799387619
W: 2835047.0493333814666
L: 1068.5699216602370
Case #7:
R: 2910.7835639095865
G: 640.2032165341079
B: 2910.7835639026016
Y: 92413.5200175354257
M: 117951.3651657486334
C: 83396.0803271466866
W: 2834820.6942235697061
L: 1068.5699216532521
Case #8:
R: 2910.7835639030673
G: 640.2032165410928
B: 2910.7835639086552
Y: 91272.9756448101252
M: 118162.6766001288779
C: 84500.0659142020158
W: 2834645.9415748519823
L: 1068.5699216541834
Case #9:
R: 2910.7835639123805
G: 640.2032165369019
B: 2910.7835639086552
Y: 90132.5170922977850
M: 118309.9375652647577
C: 85612.3095513386652
W: 2834526.8955250913277
L: 1068.5699216495268
Case #10:
R: 2910.7835638960823
G: 640.2032165359706
B: 2910.7835639095865
Y: 88992.1568435057998
M: 118402.5765631138347
C: 86731.8170971092768
W: 2834455.1092302720062
L: 1068.5699216574430
Case #11:
R: 2910.7835639161058
G: 640.2032165364362
B: 2910.7835639147088
Y: 87858.4751801514067
M: 118436.6662361463532
C: 87858.4751801532693
W: 2834428.0431375359185
L: 1068.5699216458015
Case #12:
R: 2910.7835639142431
G: 640.2032165378332
B: 2910.7835639049299
Y: 86731.8170971088111
M: 118402.5765631054528
C: 88992.1568435002118
W: 2834455.1092302761972
L: 1068.5699216523208
Case #13:
R: 2910.7835639072582
G: 640.2032165392302
B: 2910.7835639095865
Y: 85612.3095513391308
M: 118309.9375652703457
C: 90132.5170922991820
W: 2834526.8955250871368
L: 1068.5699216481298
Case #14:
R: 2910.7835639142431
G: 640.2032165420242
B: 2910.7835639077239
Y: 84500.0659142006189
M: 118162.6766001232900
C: 91272.9756448091939
W: 2834645.9415748538449
L: 1068.5699216490611
Case #15:
R: 2910.7835639077239
G: 640.2032165369019
B: 2910.7835639114492
Y: 83396.0803271438926
M: 117951.3651657453738
C: 92413.5200175344944
W: 2834820.6942235715687
L: 1068.5699216485955
Case #16:
R: 2910.7835639035329
G: 640.2032165392302
B: 2910.7835639058612
Y: 82301.8670799382962
M: 117676.2655299408361
C: 93556.4777907356620
W: 2835047.0493333833292
L: 1068.5699216532521
Case #17:
R: 2910.7835639030673
G: 640.2032165410928
B: 2910.7835639016703
Y: 81217.4133424255997
M: 117347.7315746918321
C: 94701.5181436506100
W: 2835314.9966732324101
L: 1068.5699216537178
Case #18:
R: 2910.7835639058612
G: 640.2032165424898
B: 2910.7835639142431
Y: 80142.7006150828674
M: 116964.7296588136815
C: 95845.9258967163041
W: 2835628.3035633796826
L: 1068.5699216448702
Case #19:
R: 2910.7835639170371
G: 640.2032165406272
B: 2910.7835639086552
Y: 79077.7090236805379
M: 116521.7591247828677
C: 96984.3660435620695
W: 2835997.8255419596098
L: 1068.5699216485955
Case #20:
R: 2910.7835638937540
G: 640.2032165424898
B: 2910.7835639039986
Y: 78024.2112222583964
M: 116029.5739957899787
C: 98117.2854436673224
W: 2836410.5890722936019
L: 1068.5699216504581
Case #21:
R: 2963.7069014371373
G: 651.8432750236243
B: 2963.7069014366716
Y: 77230.1747126057744
M: 114445.9095596633852
C: 98944.5203458941542
W: 2837824.1398382629268
L: 1087.9984656763263
Case #22:
R: 2963.7069014343433
G: 651.8432750254869
B: 2963.7069014352746
Y: 78252.5158712686971
M: 114961.1388270240277
C: 97844.9763565040193
W: 2837386.1134016313590
L: 1087.9984656767920
Case #23:
R: 2963.7069014357403
G: 651.8432750217617
B: 2963.7069014324807
Y: 79286.8538272175938
M: 115432.4605977484025
C: 96744.7190584498458
W: 2836980.7109730192460
L: 1087.9984656749293
Case #24:
R: 2963.7069014301524
G: 651.8432750226930
B: 2963.7069014371373
Y: 80330.3025992596522
M: 115855.7679704553448
C: 95642.3559280564077
W: 2836616.3179586590268
L: 1087.9984656795859
Case #25:
R: 2963.7069014408626
G: 651.8432750236243
B: 2963.7069014343433
Y: 81382.8879038705491
M: 116221.7090521091595
C: 94533.6564659355208
W: 2836306.4910345114768
L: 1087.9984656744637
Case #26:
R: 2963.7069014366716
G: 651.8432750217617
B: 2963.7069014254957
Y: 82444.6212676321156
M: 116535.8716866085306
C: 93420.5498883496039
W: 2836043.7016138443723
L: 1087.9984656814486
Case #27:
R: 2963.7069014310837
G: 651.8432750268839
B: 2963.7069014334120
Y: 83515.4913845914416
M: 116798.4450742686167
C: 92308.5989731103182
W: 2835822.2090244577266
L: 1087.9984656805173
Case #28:
R: 2963.7069014371373
G: 651.8432750236243
B: 2963.7069014436565
Y: 84595.2418346256018
M: 116999.5959439496510
C: 91198.4951167516410
W: 2835651.4115610998124
L: 1087.9984656688757
Case #29:
R: 2963.7069014431909
G: 651.8432750217617
B: 2963.7069014394656
Y: 85681.9017002908513
M: 117140.4875627476722
C: 90090.4779955097474
W: 2835531.8771978723817
L: 1087.9984656749293
Case #30:
R: 2963.7069014371373
G: 651.8432750268839
B: 2963.7069014371373
Y: 86775.2106801629998
M: 117228.8098204536363
C: 88981.2314434694126
W: 2835459.4925123373978
L: 1087.9984656753950
Case #31:
R: 2963.7069014264271
G: 651.8432750212960
B: 2963.7069014296867
Y: 87875.0346115212888
M: 117261.3807183294557
C: 87875.0346115180291
W: 2835433.2945150700398
L: 1087.9984656837769
Case #32:
R: 2963.7069014315493
G: 651.8432750268839
B: 2963.7069014362060
Y: 88981.2314434750006
M: 117228.8098204606213
C: 86775.2106801643968
W: 2835459.4925123304129
L: 1087.9984656749293
Case #33:
R: 2963.7069014376029
G: 651.8432750236243
B: 2963.7069014413282
Y: 90090.4779955102131
M: 117140.4875627513975
C: 85681.9017002908513
W: 2835531.8771978700534
L: 1087.9984656749293
Case #34:
R: 2963.7069014445879
G: 651.8432750198990
B: 2963.7069014399312
Y: 91198.4951167535037
M: 116999.5959439454600
C: 84595.2418346260674
W: 2835651.4115611012094
L: 1087.9984656693414
Case #35:
R: 2963.7069014394656
G: 651.8432750259526
B: 2963.7069014399312
Y: 92308.5989731126465
M: 116798.4450742607005
C: 83515.4913845909759
W: 2835822.2090244572610
L: 1087.9984656730667
Case #36:
R: 2963.7069014306180
G: 651.8432750212960
B: 2963.7069014487788
Y: 93420.5498883505352
M: 116535.8716865973547
C: 82444.6212676269934
W: 2836043.7016138490289
L: 1087.9984656753950
Case #37:
R: 2963.7069014431909
G: 651.8432750264183
B: 2963.7069014417939
Y: 94533.6564659294672
M: 116221.7090521049686
C: 81382.8879038724117
W: 2836306.4910345128737
L: 1087.9984656688757
Case #38:
R: 2963.7069014310837
G: 651.8432750222273
B: 2963.7069014334120
Y: 95642.3559280596673
M: 115855.7679704558104
C: 80330.3025992549956
W: 2836616.3179586608894
L: 1087.9984656819142
Case #39:
R: 2963.7069014380686
G: 651.8432750259526
B: 2963.7069014450535
Y: 96744.7190584423952
M: 115432.4605977367610
C: 79286.8538272059523
W: 2836980.7109730332159
L: 1087.9984656726010
Case #40:
R: 2963.7069014352746
G: 651.8432750259526
B: 2963.7069014348090
Y: 97844.9763565044850
M: 114961.1388270249590
C: 78252.5158712691627
W: 2837386.1134016299620
L: 1087.9984656753950
Case #41:
R: 3016.6302389567718
G: 663.4833335056901
B: 3016.6302389558405
Y: 98633.1025344557129
M: 113428.6706571076065
C: 77456.1297753644176
W: 2838789.9262119433843
L: 1107.4270097105764
Case #42:
R: 3016.6302389530465
G: 663.4833335112780
B: 3016.6302389516495
Y: 97566.2842605048791
M: 113922.8412236534059
C: 78461.3332325639203
W: 2838357.3704621549696
L: 1107.4270097068511
Case #43:
R: 3016.6302389660850
G: 663.4833335038275
B: 3016.6302389632910
Y: 96497.0046363500878
M: 114374.4701273152605
C: 79475.1697645401582
W: 2837961.1846506576985
L: 1107.4270097035915
Case #44:
R: 3016.6302389693446
G: 663.4833335070871
B: 3016.6302389660850
Y: 95426.9592010364868
M: 114779.0648738238961
C: 80497.5754349720664
W: 2837604.2296690228395
L: 1107.4270097021945
Case #45:
R: 3016.6302389530465
G: 663.4833335075527
B: 3016.6302389511839
Y: 94352.7771489098668
M: 115129.0167718585581
C: 81528.5168172316626
W: 2837297.5184408742934
L: 1107.4270097138360
Case #46:
R: 3016.6302389614284
G: 663.4833335098810
B: 3016.6302389595658
Y: 93272.3562295609154
M: 115429.6267658034340
C: 82567.9768024743535
W: 2837037.8693810258992
L: 1107.4270097045228
Case #47:
R: 3016.6302389665507
G: 663.4833335112780
B: 3016.6302389665507
Y: 92190.4194519044831
M: 115680.4535587737337
C: 83616.3344421898946
W: 2836820.6217259862460
L: 1107.4270097012632
Case #48:
R: 3016.6302389563061
G: 663.4833335061558
B: 3016.6302389628254
Y: 91109.8017945480533
M: 115872.0268661542796
C: 84671.8141304650344
W: 2836654.1863877023570
L: 1107.4270097049884
Case #49:
R: 3016.6302389628254
G: 663.4833335117437
B: 3016.6302389581688
Y: 90030.8230524780229
M: 116007.0652652708814
C: 85733.4689801274799
W: 2836536.4718809877522
L: 1107.4270097031258
Case #50:
R: 3016.6302389651537
G: 663.4833335112780
B: 3016.6302389660850
Y: 88953.2520204056054
M: 116091.3281626715325
C: 86801.1728161326610
W: 2836462.0761796473525
L: 1107.4270097003318
Case #51:
R: 3016.6302389567718
G: 663.4833335112780
B: 3016.6302389567718
Y: 87874.7860184693709
M: 116122.3850203966722
C: 87874.7860184684396
W: 2836435.8721215305850
L: 1107.4270097101107
Case #52:
R: 3016.6302389642224
G: 663.4833335108124
B: 3016.6302389716730
Y: 86801.1728161377832
M: 116091.3281626696698
C: 88953.2520204032771
W: 2836462.0761796450242
L: 1107.4270096975379
Case #53:
R: 3016.6302389646880
G: 663.4833335131407
B: 3016.6302389660850
Y: 85733.4689801274799
M: 116007.0652652685530
C: 90030.8230524808168
W: 2836536.4718809835613
L: 1107.4270096956752
Case #54:
R: 3016.6302389665507
G: 663.4833335061558
B: 3016.6302389614284
Y: 84671.8141304641031
M: 115872.0268661482260
C: 91109.8017945457250
W: 2836654.1863877056167
L: 1107.4270097021945
Case #55:
R: 3016.6302389595658
G: 663.4833335094154
B: 3016.6302389609627
Y: 83616.3344421931542
M: 115680.4535587807186
C: 92190.4194519058801
W: 2836820.6217259834521
L: 1107.4270097068511
Case #56:
R: 3016.6302389614284
G: 663.4833335112780
B: 3016.6302389693446
Y: 82567.9768024743535
M: 115429.6267657969147
C: 93272.3562295553274
W: 2837037.8693810300902
L: 1107.4270097012632
Case #57:
R: 3016.6302389535122
G: 663.4833335047588
B: 3016.6302389544435
Y: 81528.5168172353879
M: 115129.0167718571611
C: 94352.7771489140578
W: 2837297.5184408691712
L: 1107.4270097115077
Case #58:
R: 3016.6302389660850
G: 663.4833335089497
B: 3016.6302389642224
Y: 80497.5754349674098
M: 114779.0648738262244
C: 95426.9592010364868
W: 2837604.2296690256335
L: 1107.4270097049884
Case #59:
R: 3016.6302389623597
G: 663.4833335066214
B: 3016.6302389651537
Y: 79475.1697645382956
M: 114374.4701273171231
C: 96497.0046363486908
W: 2837961.1846506581642
L: 1107.4270097035915
Case #60:
R: 3016.6302389535122
G: 663.4833335061558
B: 3016.6302389549091
Y: 78461.3332325639203
M: 113922.8412236468866
C: 97566.2842605053447
W: 2838357.3704621591605
L: 1107.4270097101107
Case #61:
R: 3069.5535764759406
G: 675.1233919854276
B: 3069.5535764843225
Y: 77664.2913666758686
M: 112438.8479635049589
C: 98315.5462136180140
W: 2839752.2283575125039
L: 1126.8555537429638
Case #62:
R: 3069.5535764899105
G: 675.1233919952065
B: 3069.5535764922388
Y: 78649.9523493512534
M: 112912.9953772923909
C: 97281.9097572062165
W: 2839326.0564174428582
L: 1126.8555537299253
Case #63:
R: 3069.5535764880478
G: 675.1233919938095
B: 3069.5535764899105
Y: 79643.6231045466848
M: 113345.9444019352086
C: 96242.5296841748059
W: 2838938.8167106369510
L: 1126.8555537345819
Case #64:
R: 3069.5535764866509
G: 675.1233919803053
B: 3069.5535764792003
Y: 80645.2921011736616
M: 113732.8248495794833
C: 95201.9755384884775
W: 2838590.8214120618068
L: 1126.8555537504144
Case #65:
R: 3069.5535764913075
G: 675.1233919877559
B: 3069.5535764871165
Y: 81654.9401057995856
M: 114068.2087446805090
C: 94160.0971703333780
W: 2838287.6678804857656
L: 1126.8555537345819
Case #66:
R: 3069.5535764824599
G: 675.1233919942752
B: 3069.5535764824599
Y: 82673.1426029736176
M: 114356.0743158226833
C: 93112.6333173401654
W: 2838029.0636651683599
L: 1126.8555537359789
Case #67:
R: 3069.5535764726810
G: 675.1233919872902
B: 3069.5535764778033
Y: 83699.0553306434304
M: 114595.7681623138487
C: 92060.2648146538995
W: 2837815.8255937048234
L: 1126.8555537462234
Case #68:
R: 3069.5535764805973
G: 675.1233919835649
B: 3069.5535764768720
Y: 84730.7342329011299
M: 114778.3095749230124
C: 91008.2406601747498
W: 2837653.6294333115220
L: 1126.8555537485518
Case #69:
R: 3069.5535764833912
G: 675.1233919961378
B: 3069.5535764787346
Y: 85768.0552222393453
M: 114907.8227201355621
C: 89957.3532335264608
W: 2837537.6827254062518
L: 1126.8555537341163
Case #70:
R: 3069.5535764680244
G: 675.1233919896185
B: 3069.5535764736123
Y: 86810.8786368132569
M: 114988.3062725365162
C: 88907.9067273628898
W: 2837463.8222646033391
L: 1126.8555537527427
Case #71:
R: 3069.5535764885135
G: 675.1233919844963
B: 3069.5535764894448
Y: 87859.0390757285058
M: 115017.8365493072197
C: 87859.0390757275745
W: 2837434.9992005336098
L: 1126.8555537406355
Case #72:
R: 3069.5535764736123
G: 675.1233919882216
B: 3069.5535764656961
Y: 88907.9067273614928
M: 114988.3062725355849
C: 86810.8786368141882
W: 2837463.8222646056674
L: 1126.8555537555367
Case #73:
R: 3069.5535764773376
G: 675.1233919952065
B: 3069.5535764787346
Y: 89957.3532335245982
M: 114907.8227201374248
C: 85768.0552222407423
W: 2837537.6827254076488
L: 1126.8555537383072
Case #74:
R: 3069.5535764801316
G: 675.1233919821680
B: 3069.5535764838569
Y: 91008.2406601803377
M: 114778.3095749244094
C: 84730.7342329071835
W: 2837653.6294333012775
L: 1126.8555537406355
Case #75:
R: 3069.5535764866509
G: 675.1233919877559
B: 3069.5535764764063
Y: 92060.2648146525025
M: 114595.7681623087265
C: 83699.0553306462243
W: 2837815.8255937034264
L: 1126.8555537383072
Case #76:
R: 3069.5535764889792
G: 675.1233920012601
B: 3069.5535764740780
Y: 93112.6333173280582
M: 114356.0743158254772
C: 82673.1426029759459
W: 2838029.0636651711538
L: 1126.8555537350476
Case #77:
R: 3069.5535764931701
G: 675.1233919928782
B: 3069.5535764922388
Y: 94160.0971703282557
M: 114068.2087446791120
C: 81654.9401058000512
W: 2838287.6678804862313
L: 1126.8555537280627
Case #78:
R: 3069.5535764782690
G: 675.1233919826336
B: 3069.5535764866509
Y: 95201.9755384861492
M: 113732.8248495799489
C: 80645.2921011717990
W: 2838590.8214120636694
L: 1126.8555537508801
Case #79:
R: 3069.5535764908418
G: 675.1233919961378
B: 3069.5535764829256
Y: 96242.5296841743402
M: 113345.9444019426592
C: 79643.6231045527384
W: 2838938.8167106285691
L: 1126.8555537317879
Case #80:
R: 3069.5535764903761
G: 675.1233919933438
B: 3069.5535764954984
Y: 97281.9097572085448
M: 112912.9953772872686
C: 78649.9523493470624
W: 2839326.0564174465835
L: 1126.8555537313223
Case #81:
R: 3122.4769140067510
G: 686.7634504679590
B: 3122.4769140155986
Y: 97992.6190381189808
M: 111475.3041622443125
C: 77853.0152651458047
W: 2840713.0601582298987
L: 1146.2840977706946
Case #82:
R: 3122.4769140137359
G: 686.7634504735470
B: 3122.4769140104763
Y: 96991.6804296411574
M: 111930.6586326248944
C: 78819.3712439741939
W: 2840292.2883174959570
L: 1146.2840977660380
Case #83:
R: 3122.4769140006974
G: 686.7634504688904
B: 3122.4769139988348
Y: 95982.0135081931949
M: 112346.0050822705962
C: 79793.2348286337219
W: 2839912.7452046568505
L: 1146.2840977772139
Case #84:
R: 3122.4769140128046
G: 686.7634504716843
B: 3122.4769140095450
Y: 94969.9525069030933
M: 112716.0974703389220
C: 80774.6022117314860
W: 2839573.3464347645640
L: 1146.2840977679007
Case #85:
R: 3122.4769140095450
G: 686.7634504735470
B: 3122.4769140109420
Y: 93956.6972589744255
M: 113037.7790335961618
C: 81763.8189927088097
W: 2839275.7033384605311
L: 1146.2840977660380
Case #86:
R: 3122.4769140076824
G: 686.7634504656307
B: 3122.4769139997661
Y: 92940.9548941189423
M: 113313.4415145781823
C: 82761.6199123994447
W: 2839017.9823026531376
L: 1146.2840977772139
Case #87:
R: 3122.4769140006974
G: 686.7634504642338
B: 3122.4769140044227
Y: 91918.9156104065478
M: 113542.4902718793601
C: 83764.8175758724101
W: 2838807.7751655955799
L: 1146.2840977767482
Case #88:
R: 3122.4769140104763
G: 686.7634504735470
B: 3122.4769140151329
Y: 90894.5920784464106
M: 113716.7681163041852
C: 84773.2463531401008
W: 2838649.3920758422464
L: 1146.2840977679007
Case #89:
R: 3122.4769140048884
G: 686.7634504665621
B: 3122.4769140002318
Y: 89870.9355524890125
M: 113841.0882013109513
C: 85786.7805550461635
W: 2838535.1943149026483
L: 1146.2840977795422
Case #90:
R: 3122.4769140072167
G: 686.7634504684247
B: 3122.4769140155986
Y: 88848.2542234016582
M: 113918.0303849959746
C: 86805.2743147099391
W: 2838462.4397006342188
L: 1146.2840977669694
Case #91:
R: 3122.4769140072167
G: 686.7634504749440
B: 3122.4769140067510
Y: 87826.8452128078789
M: 113946.1664291364141
C: 87826.8452128083445
W: 2838434.1417689868249
L: 1146.2840977716260
Case #92:
R: 3122.4769140053540
G: 686.7634504688904
B: 3122.4769140030257
Y: 86805.2743147127330
M: 113918.0303850029595
C: 88848.2542233974673
W: 2838462.4397006346844
L: 1146.2840977748856
Case #93:
R: 3122.4769140016288
G: 686.7634504656307
B: 3122.4769140048884
Y: 85786.7805550475605
M: 113841.0882013118826
C: 89870.9355524918064
W: 2838535.1943148989230
L: 1146.2840977776796
Case #94:
R: 3122.4769140006974
G: 686.7634504726157
B: 3122.4769140039571
Y: 84773.2463531494141
M: 113716.7681163181551
C: 90894.5920784468763
W: 2838649.3920758333988
L: 1146.2840977748856
Case #95:
R: 3122.4769140109420
G: 686.7634504702874
B: 3122.4769140086137
Y: 83764.8175758691505
M: 113542.4902718742378
C: 91918.9156104009598
W: 2838807.7751655983739
L: 1146.2840977674350
Case #96:
R: 3122.4769140016288
G: 686.7634504688904
B: 3122.4769140072167
Y: 82761.6199123952538
M: 113313.4415145772509
C: 92940.9548941161484
W: 2839017.9823026568629
L: 1146.2840977767482
Case #97:
R: 3122.4769140025601
G: 686.7634504721500
B: 3122.4769140058197
Y: 81763.8189927120693
M: 113037.7790336012840
C: 93956.6972589730285
W: 2839275.7033384605311
L: 1146.2840977725573
Case #98:
R: 3122.4769140011631
G: 686.7634504740126
B: 3122.4769140090793
Y: 80774.6022117352113
M: 112716.0974703482352
C: 94969.9525069026276
W: 2839573.3464347594418
L: 1146.2840977702290
Case #99:
R: 3122.4769139997661
G: 686.7634504684247
B: 3122.4769140053540
Y: 79793.2348286374472
M: 112346.0050822696649
C: 95982.0135081941262
W: 2839912.7452046526596
L: 1146.2840977725573
Case #100:
R: 3122.4769140137359
G: 686.7634504698217
B: 3122.4769140118733
Y: 78819.3712439718656
M: 111930.6586326211691
C: 96991.6804296439514
W: 2840292.2883174992166
L: 1146.2840977683663
Start time: 1744248031151877 μs
End time: 1744248032140183 μs
Execution time: 988305 microseconds