17.5032106371
41.3850388846
-1
102.0656847372
178.1399151364
19.5548716821
-1
-1
525.3022929774
1604.6786342211
1451.6462254572
-1
-1
-1
-1
-1
-1
1468.9379845289
1790.4696584385
-1
-1
1826.2787193054
1513.3921837734
-1
-1
982.3085408778
952.0055828423
-1
1378.4146199736
1489.0686265927
1159.9178736438
1459.9093665628
-1
581.4446583726
1416.2727657975
1659.1940752906
1033.0150576731
1033.0304154901
203.5378871409
208.1263972723
208.1263972723
203.5378871409
15.1941000310
24.1812541060
24.1049551777
24.1049551777
24.3401140932
28.1874042605
28.1874042605
28.1874042605
28.1874042605
34.4729518212
18.5196550403
-1
