17.5032106371
41.3850388846
-1
102.0656847372
178.1399151364
19.5548716821
-1
-1
1686.4858235501
1748.8432442792
-1
-1
1836.0842330241
2102.7475278046
-1
-1
-1
-1
628.6938339458
-1
-1
-1
1783.6207964994
1853.9678617906
1435.7191491437
-1
1332.2371311524
-1
-1
1915.1744243721
-1
1295.8735106321
1708.9616676316
-1
1491.8712974126
-1
1033.0150576731
1033.0304154901
203.5378871409
208.1263972723
208.1263972723
203.5378871409
15.1941000310
24.1812541060
24.1049551777
24.1049551777
24.3401140932
28.1874042605
28.1874042605
28.1874042605
28.1874042605
34.4729518212
18.5196550403
-1
