3.242640687119285
17.58924103836408
500000.0
499997.60759416164
85790.57976252865
141796.81984305131
96806.15020323756
122524.80894756323
75529.83385533953
79074.63375821832
58891.49478050359
49917.74758306413
5751.5
108426.16734907357
50039.281598079186
164045.5
32205.5
34707.38353973542
94851.4490081408
121015.21962319191
22557.730911339357
70853.00566342505
123492.83195673503
57798.21032000476
86460.48214112486
86863.89268058805
128619.87440519077
91222.83638911485
58248.03669124097
103040.79597765724
6539.5
38184.69033486895
13584.083044600051
32791.97152005526
62756.10195596802
11236.96034583948
23294.389336444227
22992.5
59465.35387269332
41862.48870751584
26759.844498887545
40949.84973018614
0.5
3.000000000000005
8.0
7.044737247025861
6225.0
3.1475800154489
6.97056274847714
