3.1
0.8
1137.4
600.3
642.5
3141592653589.8
3141592653589.8
2221441469079.2
2465777935854.7
2467384865455.9
1.4
1.4
382.2
382.2
740480489693.1
740480489693.1
740480489693.1
740480489693.1
785.6
6282.9
3141.6
3141906482986.4
3141623755200.0
2094.4
1937.4
1781.3
1474.5
1180.2
904.8
654.5
494.3
472.3
569.7
767.6
852.7
946.1
1047.2
725.2
725.2
261.8
396.4
396.4
3141.6
4507.1
1585.5
2416494454045.5
488259039917.1
584045868822.6
565301264943.0
488672487954.4
517499955510.3
543233907024.4
495390327230.7
504031382837.3
554096060148.6
544733392723.3
552506754255.7
499233083850.9
499444651647.0
512253815801.0
537944382769.8
502592884255.0
492461061340.6
519399317865.2
820193569372.4
531214890121.9
597403021229.5
544950407396.7
553215960003.4
629440972303.1
675817877542.1
587598989172.9
570994782177.7
529740723758.8
564264488289.4
575831112751.9
548924137267.4
549912290033.7
524923010012.6
561809802166.4
577981378196.0
567884467732.6
617859691282.9
593150789261.0
716036242443.0
570812338780.4
