15.00 15.00
6.25 3.75
3.75 6.25
16.25 13.75
13.75 16.25
5.83 8.33
8.33 5.83
0.00 0.00
2000.00 2000.00
0.00 1.00
0.00 1.00
0.00 -1.00
0.00 -1.00
-1.00 0.00
-1.00 0.00
1.00 0.00
1.00 0.00
0.00 0.00
0.00 0.00
-1.50 -3.50
-3.50 -1.50
3810.50 17884.00
-8754.50 15731.50
9329.00 -784.00
3312.50 557.00
16466.50 13481.00
8123.50 -3437.00
2094.00 14817.50
10001.50 9391.00
7525.50 1807.00
-5453.50 1196.50
10705.00 8882.00
-12750.00 18714.50
17779.50 12655.50
9830.00 -11635.50
5606.00 13587.00
2722.00 13913.00
14764.50 18673.50
11337.50 9070.50
425.00 12619.50
-1491.50 13115.00
5623.50 13072.00
-2087.00 -13011.00
19641.50 -7130.00
-2663.50 7988.50
11848.00 3423.00
1937.00 12142.00
7713.00 16392.50
1508.50 8778.00
11350.50 -4397.00
19354.50 13055.00
16321.00 14174.00
17522.50 11539.50
19358.50 -11378.50
2510.50 8382.50
-9655.00 3364.00
6329.50 -4032.00
8610.00 1067.00
11678.50 -12799.50
-9321.50 1937.50
16173.50 -11514.50
15273.50 14553.00
1219.50 2683.50
-6833.00 -1569.50
11261.00 7274.50
1331.00 -664.00
-3626.50 -2805.00
3002.50 7910.00
-4641.50 3320.50
10838.50 -7733.50
17255.50 -3540.50
5712.00 439.00
13655.00 13200.50
-10359.50 -8412.00
1576.00 -854.50
14581.50 3502.00
-1950.00 1303.00
4533.00 5237.50
-5353.00 12471.50
12675.00 -2097.00
2954.00 -426.50
13640.00 15464.00
19882.00 628.50
14015.50 -430.00
15707.50 1059.50
-3680.00 3760.50
1277.50 16155.50
19420.00 11673.50
5669.50 15279.50
-11055.50 19440.00
1098.50 17558.00
10613.00 2219.50
6107.00 13891.00
12812.50 11292.50
-2461.00 18042.00
4541.50 -8312.00
12934.50 3966.50
-4100.50 -6678.50
-877.00 15466.00
-132.50 4796.00
-13753.00 3757.50
956.00 10886.00
7356.50 -10074.00
10762.50 10529.50
8290.50 15687.00
2632.50 17987.50
8496.00 16925.50
12881.50 9580.50
11173.00 2772.50
7193.00 2757.50
-12672.50 13028.00
6537.00 -10809.00
7200.50 13359.50
-4840.00 4777.50
11845.50 10360.00
9594.00 18573.50
-1297.50 7556.50
3704.50 -4092.00
18389.50 14895.50
-4229.50 9275.00
4778.00 3216.00
14878.50 16278.00
-1033.50 -418.00
-2553.00 6816.50
-3018.00 -7116.50
772.00 18500.00
11528.00 -6579.50
-14518.50 6426.50
-4671.00 16809.50
1882.50 -16519.00
-2547.00 15512.50
11003.50 -4244.00
19902.50 9254.50
-17071.50 -1972.50
8735.00 5449.00
677.00 7680.00
15767.00 4483.00
3861.00 -1674.00
-33.00 -1974.50
-2519.00 5278.50
-9921.50 -1271.00
9224.00 3521.00
14596.50 -3840.00
-12011.00 15610.50
-2494.50 -14566.00
-5890.50 6624.50
14023.50 10812.00
13114.50 3855.50
2671.00 11761.00
-2479.50 11249.50
-6018.00 -1972.50
-11470.00 15074.50
-1762.00 15783.00
-14704.50 240.50
16680.50 -12412.00
-2222.00 -8519.00
-1394.00 -14947.00
6278.50 -2495.00
-14126.50 16046.50
-9157.00 1531.50
7143.00 19809.00
4545.00 13233.50
9708.50 14119.00
12839.50 4854.00
-14472.00 14953.50
-6423.00 6158.50
-6925.00 7602.50
8545.00 6941.00
11648.00 3161.00
-11263.50 18019.00
12173.00 11349.50
-3309.00 9044.00
3156.00 -5228.00
15331.00 6638.50
-3992.50 17030.00
-3754.00 2339.00
-2765.50 2102.50
877.00 6175.50
17618.50 11346.00
2280.50 -1848.50
11783.00 10543.50
5498.50 -6990.50
-14038.50 4427.00
18421.50 10702.50
4166.50 1770.50
12214.00 14899.00
3745.50 7547.00
18230.50 11827.50
6287.50 -8180.00
-4151.50 -745.50
-4229.50 12736.50
18027.00 15496.00
3312.50 -14363.50
15763.50 19797.00
6534.50 4544.00
3529.50 -10072.50
8258.00 10664.00
-10779.50 1609.00
12105.00 13256.00
-2690.00 5415.00
14462.00 13653.00
1334.00 -3783.00
13438.00 4162.00
-9013.50 3615.50
18223.00 14253.00
3151.00 4506.00
7048.00 16430.00
14384.50 10899.50
14812.00 -4566.00
9475.00 9523.50
5777.00 -6334.00
-14934.50 15016.50
19751.50 14892.50
4822.00 14584.00
12035.50 -990.50
7466.50 12120.00
14310.50 -18469.50
11399.00 1135.00
19890.50 7992.00
-5381.50 -13047.50
-6335.00 -17960.50
-1371.50 -15773.00
14201.50 5661.00
17640.00 -18080.50
3415.50 2007.50
-5313.50 -7021.50
-4870.50 11779.50
5227.50 19687.50
19207.50 19214.50
-19169.50 18097.50
3092.50 3860.50
14865.50 13373.00
-8715.00 2870.50
-2980.00 17206.50
11558.00 10709.50
18332.00 1818.50
13347.00 -5039.50
11393.00 3680.00
16228.00 18118.50
17112.50 7391.50
-6162.50 -10992.50
11946.50 -1702.00
6890.50 -13899.50
16199.00 -11783.50
18577.00 -4077.00
11159.00 -6995.00
4413.00 -8465.00
16056.50 9416.50
7968.00 -2259.00
10746.00 5363.00
-10046.00 4003.50
17429.00 -2859.00
6982.00 -5906.50
3917.50 -15481.00
6527.50 12415.00
-2312.00 10882.50
15610.00 11663.00
9143.00 17361.50
3766.50 -2230.00
-419.00 -8400.00
19282.50 -822.50
15257.00 9128.00
5707.00 16415.50
19366.00 1043.50
11216.50 13698.00
3746.50 14528.50
9908.50 12697.50
-10287.50 -5020.50
-10562.00 19904.50
6176.50 -5446.00
-8002.50 -8455.50
14901.50 11451.00
2244.50 5974.00
-12203.50 8914.50
-6799.00 -1012.00
-4317.00 12636.00
13078.50 16410.00
12225.00 8234.50
-3362.50 15816.00
-1870.00 2417.00
-1261.50 19044.00
-10633.50 9509.50
4813.50 -3564.50
5296.50 -2553.00
4296.50 7595.00
4921.00 13582.50
18122.50 -1981.50
16840.50 4912.00
6584.50 -321.50
8043.00 -7424.00
4118.00 4750.00
1916.50 -2859.00
3142.50 -4090.00
-7296.50 15413.50
12266.50 -13309.50
1447.50 4472.50
-752.00 -6393.50
14044.00 4772.50
10446.00 1956.00
-4344.50 10086.50
4387.50 1198.00
19478.50 11047.50
13763.50 17106.00
2599.50 -8566.50
19295.50 4937.00
7503.00 -4058.00
7973.50 12281.50
5064.00 5439.00
-6748.50 449.50
-1487.50 402.50
-12175.50 -79.50
-6727.50 15557.50
8250.50 13007.00
843.00 2875.00
9828.50 10918.00
-2134.00 -2236.00
-10550.50 -10874.50
21.50 15746.00
-16936.00 -8443.50
-16457.00 12263.00
1538.00 15768.00
2147.50 -3397.00
-3044.00 -13520.00
2078.00 7964.50
17331.50 12982.00
-7464.50 317.00
-3018.50 6544.50
2365.50 325.00
2981.50 18466.00
8675.50 5841.50
11259.50 15289.00
17636.00 -12739.50
9124.50 -1955.50
4109.50 10393.00
-3052.50 1355.00
11333.00 13413.50
-4162.00 12804.50
15636.00 11299.00
-15490.50 5485.00
9291.50 10134.00
14179.50 248.00
17675.50 12057.50
4794.00 15907.00
10335.50 16737.00
-8633.00 14355.00
1406.50 -7661.50
7084.50 -8091.50
2316.50 -12086.50
-4691.50 -1395.50
-6873.00 -10820.00
13776.50 -12526.00
6194.50 5660.00
16547.00 19199.00
-4216.50 -4877.50
3409.50 3461.50
5435.50 -1598.50
-7225.50 -1631.50
5543.50 -16477.00
5111.50 420.50
331.00 18517.00
401.00 177.00
1302.50 13381.00
14595.00 -7944.00
-615.50 18873.00
18891.50 11714.00
8942.50 -6859.50
-16891.50 3724.50
15862.50 -5815.50
13563.00 1243.00
6494.00 8646.00
12524.50 15108.00
-1743.00 -371.50
-10.50 -10311.50
5875.00 -6205.50
17923.00 -3051.00
473.50 13378.50
9731.50 150.00
-5443.00 13968.50
13369.50 1921.00
15280.00 -3165.50
13934.50 6563.00
762.00 3252.00
8057.00 -508.50
17843.00 -12758.00
-9657.50 4271.50
17531.00 5948.00
12780.00 13993.50
409.00 15012.00
-5305.00 -7892.00
-10746.00 -3508.00
12628.50 8634.00
8039.00 -8007.50
3000.00 4141.50
12257.50 8983.00
10255.00 218.50
9443.50 2354.50
6124.00 8229.50
-5870.00 8127.00
11239.00 84.00
11754.50 1263.00
-18229.50 -10935.50
4324.00 -3349.00
16012.50 -12004.50
5168.00 2315.00
-12866.50 2608.00
-5309.50 14356.50
3347.50 2404.00
-3751.50 -11172.00
9816.00 6806.50
7350.50 2893.00
-12641.50 1007.00
18126.50 -12474.00
-11616.50 5593.50
5874.00 5559.50
13665.00 16549.50
-6513.00 12159.50
19366.50 18855.50
13271.50 2272.50
-2902.50 10082.50
-8530.50 18538.50
4549.00 8929.00
17960.00 729.00
6458.00 19435.00
8168.50 3758.00
-13168.50 5775.50
3214.00 9004.50
7240.00 4531.00
871.00 11081.00
14011.00 13082.00
573.50 -1800.00
-1302.50 14026.50
6264.00 15409.50
2775.00 12774.00
15689.00 6226.00
-15779.00 18982.00
-12114.00 10147.50
8069.50 9284.50
3283.00 2831.00
10527.50 -6582.00
16239.00 8369.50
6250.00 6880.50
3088.00 505.00
-5766.50 10248.50
13410.00 7393.50
9031.00 11061.00
12580.50 671.50
4393.00 -7291.00
14156.50 5518.50
1545.00 -2118.50
19349.50 19874.50
12750.50 9619.50
14238.50 12410.50
17139.50 16367.50
13780.00 16014.50
-12394.00 12968.00
16873.00 15021.50
-6047.50 9004.00
-1267.00 9054.00
8104.50 689.00
18939.00 7726.00
6678.50 -1629.00
2568.00 14867.50
-8165.50 11608.00
19199.00 5547.00
8879.00 11318.00
17048.00 7159.50
-8566.50 17241.50
-1004.00 18171.00
-15969.00 2584.50
-2795.00 -11192.50
-6618.00 18815.50
-244.50 7578.00
12569.00 -9567.00
19352.50 15070.00
12241.00 19141.50
-11763.50 4665.00
-13477.00 9848.00
2788.50 12612.00
4685.00 -2629.00
5360.50 -2909.50
10029.50 3798.00
18702.50 -11329.50
-7855.50 4912.50
-1707.00 14973.00
16432.00 19844.00
16853.50 -1848.50
11994.00 3761.00
15772.50 18949.00
17296.50 16335.50
4645.50 8155.50
17545.50 -1008.00
-17405.50 -17941.50
4359.50 697.50
8918.00 4209.00
13156.00 -12564.50
14345.50 10906.00
9169.50 -3626.50
5858.50 15944.00
16615.00 -3585.00
9696.50 13861.00
