6
7
8
0
1
0
9
0
9
0
11
0
11
0
1
2
3
4
5
6
7
8
9
10
11
12
13
0
281
0
241
0
547
697
0
764
0
607
0
385
0
182
0
722
0
227
0
380
0
282
0
335
402
548
741
0
393
0
667
0
539
646
735
0
978
0
256
336
0
170
0
635
0
354
0
625
0
136
0
25
269
585
758
0
460
956
0
81
97
0
753
0
116
147
279
489
581
632
670
861
0
5
132
817
0
968
0
125
854
962
0
204
208
266
400
414
613
980
0
139
859
971
0
571
0
769
0
597
899
0
891
0
391
398
582
0
367
0
889
0
699
0
979
0
165
272
0
226
0
782
0
118714
0
48942
0
62790
0
121280
0
74679
0
